<?xml version="1.0" encoding="UTF-8"?>
<!-- Generated by org.testng.reporters.JUnitXMLReporter -->
<testsuite hostname="DESKTOP-BPQ80UG" name="Default test" tests="1" failures="0" timestamp="5 May 2022 03:37:54 GMT" time="0.014" errors="0">
  <testcase name="@BeforeSuite setUpDriver" time="0.0" classname="tests.testMainClass">
    <failure type="org.testng.TestNGException" message="
Parameter &amp;apos;deviceName&amp;apos; is required by @Configuration on method setUpDriver but has not been marked @Optional or defined
in C:\Users\Administrator\AppData\Local\Temp\testng-eclipse--1181518778\testng-customsuite.xml">
      <![CDATA[org.testng.TestNGException: 
Parameter 'deviceName' is required by @Configuration on method setUpDriver but has not been marked @Optional or defined
in C:\Users\Administrator\AppData\Local\Temp\testng-eclipse--1181518778\testng-customsuite.xml
	at org.testng.internal.Parameters.createParameters(Parameters.java:159)
	at org.testng.internal.Parameters.createParameters(Parameters.java:372)
	at org.testng.internal.Parameters.createConfigurationParameters(Parameters.java:90)
	at org.testng.internal.Invoker.invokeConfigurations(Invoker.java:199)
	at org.testng.internal.Invoker.invokeConfigurations(Invoker.java:140)
	at org.testng.SuiteRunner.privateRun(SuiteRunner.java:296)
	at org.testng.SuiteRunner.run(SuiteRunner.java:259)
	at org.testng.SuiteRunnerWorker.runSuite(SuiteRunnerWorker.java:52)
	at org.testng.SuiteRunnerWorker.run(SuiteRunnerWorker.java:86)
	at org.testng.TestNG.runSuitesSequentially(TestNG.java:1200)
	at org.testng.TestNG.runSuitesLocally(TestNG.java:1125)
	at org.testng.TestNG.run(TestNG.java:1033)
	at org.testng.remote.RemoteTestNG.run(RemoteTestNG.java:111)
	at org.testng.remote.RemoteTestNG.initAndRun(RemoteTestNG.java:204)
	at org.testng.remote.RemoteTestNG.main(RemoteTestNG.java:175)
]]>
    </failure>
  </testcase> <!-- @BeforeSuite setUpDriver -->
  <testcase name="@BeforeMethod beforeMethod" time="0.0" classname="tests.testMainClass">
    <skipped/>
  </testcase> <!-- @BeforeMethod beforeMethod -->
  <testcase name="@AfterMethod afterMethod" time="0.0" classname="tests.testMainClass">
    <skipped/>
  </testcase> <!-- @AfterMethod afterMethod -->
  <testcase name="testFirst" time="0.003" classname="tests.testMainClass">
    <skipped/>
  </testcase> <!-- testFirst -->
</testsuite> <!-- Default test -->
